<?xml version="1.0" encoding="UTF-8"?>
<!-- Generated by org.testng.reporters.JUnitXMLReporter -->
<testsuite ignored="0" hostname="Vidyadhara" failures="0" tests="1" name="Test-Runner-2" time="46.171" errors="0" timestamp="2021-08-24T17:42:48 IST">
  <testcase classname="com.vtiger.vd.organizationtest.TC_14_CreateOrganization_NotifyOwner" name="createOrgWithNotifyTest" time="46.089"/>
</testsuite> <!-- Test-Runner-2 -->
