<?xml version="1.0" encoding="UTF-8"?>
<!-- Generated by org.testng.reporters.JUnitXMLReporter -->
<testsuite ignored="0" hostname="Vidyadhara" failures="0" tests="3" name="Test-Runner-1" time="96.874" errors="0" timestamp="2021-08-24T17:43:39 IST">
  <testcase classname="com.vtiger.vd.organizationtest.TC_13_14_15_CreateOrg" name="createOrgCheckNotifyTest" time="19.774"/>
  <testcase classname="com.vtiger.vd.organizationtest.TC_13_14_15_CreateOrg" name="createOrgRatingTest" time="13.44"/>
  <testcase classname="com.vtiger.vd.organizationtest.TC_13_14_15_CreateOrg" name="createOrgWithNotifyTest" time="12.35"/>
</testsuite> <!-- Test-Runner-1 -->
