<?xml version="1.0" encoding="UTF-8"?>
<!-- Generated by org.testng.reporters.JUnitXMLReporter -->
<testsuite ignored="0" hostname="Vidyadhara" failures="0" tests="3" name="Test-Runner-Chrome" time="69.703" errors="0" timestamp="2021-08-24T17:13:02 IST">
  <testcase classname="com.vtiger.vd.organizationtest.TC_13_14_15_CreateOrg" name="createOrgCheckNotifyTest" time="16.352"/>
  <testcase classname="com.vtiger.vd.organizationtest.TC_13_14_15_CreateOrg" name="createOrgRatingTest" time="15.237"/>
  <testcase classname="com.vtiger.vd.organizationtest.TC_13_14_15_CreateOrg" name="createOrgWithNotifyTest" time="16.07"/>
</testsuite> <!-- Test-Runner-Chrome -->
