<?xml version="1.0" encoding="UTF-8"?>
<!-- Generated by org.testng.reporters.JUnitXMLReporter -->
<testsuite ignored="0" hostname="Vidyadhara" failures="0" tests="3" name="Test-Runner-Firefox" time="95.715" errors="0" timestamp="2021-08-24T17:13:28 IST">
  <testcase classname="com.vtiger.vd.organizationtest.TC_13_14_15_CreateOrg" name="createOrgCheckNotifyTest" time="14.699"/>
  <testcase classname="com.vtiger.vd.organizationtest.TC_13_14_15_CreateOrg" name="createOrgRatingTest" time="14.719"/>
  <testcase classname="com.vtiger.vd.organizationtest.TC_13_14_15_CreateOrg" name="createOrgWithNotifyTest" time="13.505"/>
</testsuite> <!-- Test-Runner-Firefox -->
