<?xml version="1.0" encoding="UTF-8"?>
<!-- Generated by org.testng.reporters.JUnitReportReporter -->
<testsuite hostname="Vidyadhara" failures="0" tests="3" name="com.vtiger.vd.organizationtest.CreateOrgTest" time="59.254" errors="0" timestamp="2021-08-28T18:03:47 IST" skipped="0">
  <testcase classname="com.vtiger.vd.organizationtest.CreateOrgTest" name="createOrgWithNotifyTest" time="17.128"/>
  <system-out/>
  <testcase classname="com.vtiger.vd.organizationtest.CreateOrgTest" name="createOrgRatingTest" time="20.504"/>
  <system-out/>
  <testcase classname="com.vtiger.vd.organizationtest.CreateOrgTest" name="createOrgCheckNotifyTest" time="21.622"/>
  <system-out/>
</testsuite> <!-- com.vtiger.vd.organizationtest.CreateOrgTest -->
