<?xml version="1.0" encoding="UTF-8"?>
<!-- Generated by org.testng.reporters.JUnitReportReporter -->
<testsuite hostname="Vidyadhara" failures="0" tests="1" name="com.vtiger.vd.organizationtest.TC_14_CreateOrganization_NotifyOwner" time="46.089" errors="0" timestamp="2021-08-24T17:43:39 IST" skipped="0">
  <testcase classname="com.vtiger.vd.organizationtest.TC_14_CreateOrganization_NotifyOwner" name="createOrgWithNotifyTest" time="46.089"/>
  <system-out/>
</testsuite> <!-- com.vtiger.vd.organizationtest.TC_14_CreateOrganization_NotifyOwner -->
