<?xml version="1.0" encoding="UTF-8"?>
<!-- Generated by org.testng.reporters.JUnitReportReporter -->
<testsuite hostname="Vidyadhara" failures="0" tests="1" name="com.vtiger.vd.organizationtest.TC_13_CreateOrganization_RatingDD" time="27.156" errors="0" timestamp="2021-08-24T18:18:16 IST" skipped="0">
  <testcase classname="com.vtiger.vd.organizationtest.TC_13_CreateOrganization_RatingDD" name="createOrgWithRatingTest" time="27.156"/>
  <system-out/>
</testsuite> <!-- com.vtiger.vd.organizationtest.TC_13_CreateOrganization_RatingDD -->
