<?xml version="1.0" encoding="UTF-8"?>
<!-- Generated by org.testng.reporters.JUnitReportReporter -->
<testsuite hostname="Vidyadhara" failures="0" tests="1" name="com.vtiger.comcast.organizationtest.TC_15_CreateOrganization_NotifyOwnerEnabled" time="22.740" errors="0" timestamp="2021-08-21T15:06:54 IST" skipped="0">
  <testcase classname="com.vtiger.comcast.organizationtest.TC_15_CreateOrganization_NotifyOwnerEnabled" name="crateOrgWithNotifyTest" time="22.740"/>
  <system-out/>
</testsuite> <!-- com.vtiger.comcast.organizationtest.TC_15_CreateOrganization_NotifyOwnerEnabled -->
