<?xml version="1.0" encoding="UTF-8"?>
<!-- Generated by org.testng.reporters.JUnitReportReporter -->
<testsuite hostname="Vidyadhara" failures="0" tests="1" name="com.vtiger.comcast.organizationtest.TC_14_CreateOrganization_NotifyOwner" time="24.035" errors="0" timestamp="2021-08-21T15:06:54 IST" skipped="0">
  <testcase classname="com.vtiger.comcast.organizationtest.TC_14_CreateOrganization_NotifyOwner" name="createOrgWithNotifyTest" time="24.035"/>
  <system-out/>
</testsuite> <!-- com.vtiger.comcast.organizationtest.TC_14_CreateOrganization_NotifyOwner -->
